{
  "RSpec": {
    "coverage": {
      "/Users/gadjet/Downloads/work/postapp/spec/controller/comments_controller_spec.rb": {
        "lines": [
          1,
          null,
          1,
          1,
          1,
          1,
          1,
          null,
          null,
          1,
          1,
          1,
          null,
          null
        ]
      },
      "/Users/gadjet/Downloads/work/postapp/spec/rails_helper.rb": {
        "lines": [
          null,
          1,
          1,
          1,
          1,
          1,
          1,
          1,
          null,
          1,
          null,
          0,
          null,
          1,
          1,
          1,
          1,
          1,
          null
        ]
      },
      "/Users/gadjet/Downloads/work/postapp/config/environment.rb": {
        "lines": [
          null,
          1,
          null,
          null,
          1
        ]
      },
      "/Users/gadjet/Downloads/work/postapp/config/application.rb": {
        "lines": [
          1,
          null,
          1,
          null,
          null,
          null,
          1,
          null,
          1,
          1,
          null,
          1,
          null,
          null,
          null,
          null,
          null,
          null,
          null,
          null,
          null,
          null,
          null,
          1,
          1,
          1,
          0,
          0,
          0,
          null,
          null,
          null,
          null
        ]
      },
      "/Users/gadjet/Downloads/work/postapp/config/boot.rb": {
        "lines": [
          1,
          null,
          1,
          1
        ]
      },
      "/Users/gadjet/Downloads/work/postapp/config/environments/test.rb": {
        "lines": [
          1,
          null,
          null,
          null,
          null,
          null,
          null,
          1,
          null,
          null,
          null,
          1,
          null,
          null,
          null,
          null,
          1,
          null,
          null,
          1,
          1,
          null,
          null,
          null,
          null,
          1,
          1,
          1,
          null,
          null,
          1,
          null,
          null,
          1,
          null,
          null,
          1,
          null,
          1,
          null,
          null,
          null,
          null,
          1,
          null,
          null,
          1,
          null,
          null,
          1,
          null,
          null,
          1,
          null,
          null,
          null,
          null,
          null,
          null,
          null
        ]
      },
      "/Users/gadjet/Downloads/work/postapp/config/initializers/assets.rb": {
        "lines": [
          null,
          null,
          null,
          1,
          null,
          null,
          null,
          null,
          null,
          null,
          null,
          null
        ]
      },
      "/Users/gadjet/Downloads/work/postapp/config/initializers/content_security_policy.rb": {
        "lines": [
          null,
          null,
          null,
          null,
          null,
          null,
          null,
          null,
          null,
          null,
          null,
          null,
          null,
          null,
          null,
          null,
          null,
          null,
          null,
          null,
          null,
          null,
          null,
          null,
          null
        ]
      },
      "/Users/gadjet/Downloads/work/postapp/config/initializers/devise.rb": {
        "lines": [
          1,
          1,
          1,
          1,
          1,
          1,
          1,
          1,
          1,
          1,
          1,
          1,
          1,
          1,
          1,
          1,
          null
        ]
      },
      "/Users/gadjet/Downloads/work/postapp/config/initializers/filter_parameter_logging.rb": {
        "lines": [
          null,
          null,
          null,
          null,
          null,
          1,
          null,
          null
        ]
      },
      "/Users/gadjet/Downloads/work/postapp/config/initializers/inflections.rb": {
        "lines": [
          null,
          null,
          null,
          null,
          null,
          null,
          null,
          null,
          null,
          null,
          null,
          null,
          null,
          null,
          null,
          null
        ]
      },
      "/Users/gadjet/Downloads/work/postapp/config/initializers/permissions_policy.rb": {
        "lines": [
          null,
          null,
          null,
          null,
          null,
          null,
          null,
          null,
          null,
          null,
          null
        ]
      },
      "/Users/gadjet/Downloads/work/postapp/config/routes.rb": {
        "lines": [
          1,
          1,
          1,
          null,
          null,
          1,
          1,
          1,
          null,
          1,
          null,
          null,
          null,
          null,
          null,
          null
        ]
      },
      "/Users/gadjet/Downloads/work/postapp/app/models/user.rb": {
        "lines": [
          1,
          1,
          null,
          null
        ]
      },
      "/Users/gadjet/Downloads/work/postapp/app/models/application_record.rb": {
        "lines": [
          1,
          1,
          null
        ]
      },
      "/Users/gadjet/Downloads/work/postapp/app/helpers/application_helper.rb": {
        "lines": [
          1,
          null
        ]
      },
      "/Users/gadjet/Downloads/work/postapp/app/helpers/post_helper.rb": {
        "lines": [
          1,
          null
        ]
      },
      "/Users/gadjet/Downloads/work/postapp/spec/controller/posts_controller_spec.rb": {
        "lines": [
          1,
          null,
          1,
          2,
          1,
          1,
          1,
          null,
          null,
          1,
          1,
          null,
          null,
          1,
          1,
          1,
          null,
          null,
          1,
          1,
          1,
          null,
          null,
          1,
          1,
          null,
          null
        ]
      },
      "/Users/gadjet/Downloads/work/postapp/app/models/comment.rb": {
        "lines": [
          1,
          1,
          1,
          null
        ]
      },
      "/Users/gadjet/Downloads/work/postapp/app/models/post.rb": {
        "lines": [
          1,
          1,
          null
        ]
      }
    },
    "timestamp": 1696241518
  }
}
